<?xml version="1.0" encoding="UTF-8"?>
<!-- Generated by org.testng.reporters.JUnitReportReporter -->
<testsuite hostname="MSGN21027" failures="0" tests="2" name="session337EmulatingSlowInternet.EmulatingSlowInternetDemo" time="59.281" errors="0" timestamp="2024-10-22T13:04:43 MESZ" skipped="0">
  <testcase classname="session337EmulatingSlowInternet.EmulatingSlowInternetDemo" name="normalSpeed" time="4.606"/>
  <testcase classname="session337EmulatingSlowInternet.EmulatingSlowInternetDemo" name="slowSpeed" time="54.675"/>
</testsuite> <!-- session337EmulatingSlowInternet.EmulatingSlowInternetDemo -->
