<?xml version="1.0" encoding="UTF-8"?>
<!-- Generated by org.testng.reporters.JUnitReportReporter -->
<testsuite hostname="MSGN21027" failures="0" tests="1" name="session344BrowserOptionClasses.ThreeEdge" time="3.684" errors="0" timestamp="2024-10-23T10:58:25 MESZ" skipped="0">
  <testcase classname="session344BrowserOptionClasses.ThreeEdge" name="testOnEdge" time="3.684"/>
</testsuite> <!-- session344BrowserOptionClasses.ThreeEdge -->
