<?xml version="1.0" encoding="UTF-8"?>
<!-- Generated by org.testng.reporters.JUnitReportReporter -->
<testsuite hostname="MSGN21027" failures="0" tests="1" name="session344BrowserOptionClasses.TwoFirefox" time="4.797" errors="0" timestamp="2024-10-23T10:58:25 MESZ" skipped="0">
  <testcase classname="session344BrowserOptionClasses.TwoFirefox" name="testOnFirefox" time="4.797"/>
</testsuite> <!-- session344BrowserOptionClasses.TwoFirefox -->
